# JRE version: OpenJDK Runtime Environment (8.0_212-b04) (build 1.8.0_212-release-1586-b04)
# Java VM: OpenJDK 64-Bit Server VM (25.212-b04 mixed mode windows-amd64 compressed oops)
Heap:
 PSYoungGen      total 448512K, used 439224K [0x00000000e0000000, 0x0000000100000000, 0x0000000100000000)
  eden space 389120K, 100% used [0x00000000e0000000,0x00000000f7c00000,0x00000000f7c00000)
  from space 59392K, 84% used [0x00000000f7c00000,0x00000000facee2d8,0x00000000fb600000)
  to   space 65536K, 62% used [0x00000000fc000000,0x00000000fe7bad40,0x0000000100000000)
 ParOldGen       total 329728K, used 121771K [0x00000000a0000000, 0x00000000b4200000, 0x00000000e0000000)
  object space 329728K, 36% used [0x00000000a0000000,0x00000000a76eafb0,0x00000000b4200000)
 Metaspace       used 112107K, capacity 121534K, committed 121856K, reserved 1155072K
  class space    used 14344K, capacity 16048K, committed 16128K, reserved 1048576K
GC Heap History (10 events):
Event: 3849.944 GC heap after
Heap after GC invocations=39 (full 4):
 PSYoungGen      total 436736K, used 21057K [0x00000000e0000000, 0x00000000fe100000, 0x0000000100000000)
  eden space 389120K, 0% used [0x00000000e0000000,0x00000000e0000000,0x00000000f7c00000)
  from space 47616K, 44% used [0x00000000f7c00000,0x00000000f9090590,0x00000000faa80000)
  to   space 46080K, 0% used [0x00000000fb400000,0x00000000fb400000,0x00000000fe100000)
 ParOldGen       total 329728K, used 95520K [0x00000000a0000000, 0x00000000b4200000, 0x00000000e0000000)
  object space 329728K, 28% used [0x00000000a0000000,0x00000000a5d48010,0x00000000b4200000)
 Metaspace       used 109560K, capacity 117430K, committed 117760K, reserved 1150976K
  class space    used 14063K, capacity 15489K, committed 15616K, reserved 1048576K
}
Event: 4509.264 GC heap before
{Heap before GC invocations=40 (full 4):
 PSYoungGen      total 436736K, used 410177K [0x00000000e0000000, 0x00000000fe100000, 0x0000000100000000)
  eden space 389120K, 100% used [0x00000000e0000000,0x00000000f7c00000,0x00000000f7c00000)
  from space 47616K, 44% used [0x00000000f7c00000,0x00000000f9090590,0x00000000faa80000)
  to   space 46080K, 0% used [0x00000000fb400000,0x00000000fb400000,0x00000000fe100000)
 ParOldGen       total 329728K, used 95520K [0x00000000a0000000, 0x00000000b4200000, 0x00000000e0000000)
  object space 329728K, 28% used [0x00000000a0000000,0x00000000a5d48010,0x00000000b4200000)
 Metaspace       used 111049K, capacity 120046K, committed 120192K, reserved 1153024K
  class space    used 14289K, capacity 15947K, committed 16000K, reserved 1048576K
Event: 4509.290 GC heap after
Heap after GC invocations=40 (full 4):
 PSYoungGen      total 436224K, used 18530K [0x00000000e0000000, 0x00000000fd980000, 0x0000000100000000)
  eden space 397824K, 0% used [0x00000000e0000000,0x00000000e0000000,0x00000000f8480000)
  from space 38400K, 48% used [0x00000000fb400000,0x00000000fc618988,0x00000000fd980000)
  to   space 43520K, 0% used [0x00000000f8480000,0x00000000f8480000,0x00000000faf00000)
 ParOldGen       total 329728K, used 95528K [0x00000000a0000000, 0x00000000b4200000, 0x00000000e0000000)
  object space 329728K, 28% used [0x00000000a0000000,0x00000000a5d4a010,0x00000000b4200000)
 Metaspace       used 111049K, capacity 120046K, committed 120192K, reserved 1153024K
  class space    used 14289K, capacity 15947K, committed 16000K, reserved 1048576K
}
Event: 6947.511 GC heap before
{Heap before GC invocations=41 (full 4):
 PSYoungGen      total 436224K, used 416354K [0x00000000e0000000, 0x00000000fd980000, 0x0000000100000000)
  eden space 397824K, 100% used [0x00000000e0000000,0x00000000f8480000,0x00000000f8480000)
  from space 38400K, 48% used [0x00000000fb400000,0x00000000fc618988,0x00000000fd980000)
  to   space 43520K, 0% used [0x00000000f8480000,0x00000000f8480000,0x00000000faf00000)
 ParOldGen       total 329728K, used 95528K [0x00000000a0000000, 0x00000000b4200000, 0x00000000e0000000)
  object space 329728K, 28% used [0x00000000a0000000,0x00000000a5d4a010,0x00000000b4200000)
 Metaspace       used 111413K, capacity 120676K, committed 120832K, reserved 1155072K
  class space    used 14315K, capacity 16005K, committed 16128K, reserved 1048576K
Event: 6947.699 GC heap after
Heap after GC invocations=41 (full 4):
 PSYoungGen      total 441344K, used 24662K [0x00000000e0000000, 0x00000000fe080000, 0x0000000100000000)
  eden space 397824K, 0% used [0x00000000e0000000,0x00000000e0000000,0x00000000f8480000)
  from space 43520K, 56% used [0x00000000f8480000,0x00000000f9c95a78,0x00000000faf00000)
  to   space 43520K, 0% used [0x00000000fb600000,0x00000000fb600000,0x00000000fe080000)
 ParOldGen       total 329728K, used 95536K [0x00000000a0000000, 0x00000000b4200000, 0x00000000e0000000)
  object space 329728K, 28% used [0x00000000a0000000,0x00000000a5d4c010,0x00000000b4200000)
 Metaspace       used 111413K, capacity 120676K, committed 120832K, reserved 1155072K
  class space    used 14315K, capacity 16005K, committed 16128K, reserved 1048576K
}
Event: 6950.377 GC heap before
{Heap before GC invocations=42 (full 4):
 PSYoungGen      total 441344K, used 422486K [0x00000000e0000000, 0x00000000fe080000, 0x0000000100000000)
  eden space 397824K, 100% used [0x00000000e0000000,0x00000000f8480000,0x00000000f8480000)
  from space 43520K, 56% used [0x00000000f8480000,0x00000000f9c95a78,0x00000000faf00000)
  to   space 43520K, 0% used [0x00000000fb600000,0x00000000fb600000,0x00000000fe080000)
 ParOldGen       total 329728K, used 95536K [0x00000000a0000000, 0x00000000b4200000, 0x00000000e0000000)
  object space 329728K, 28% used [0x00000000a0000000,0x00000000a5d4c010,0x00000000b4200000)
 Metaspace       used 111553K, capacity 120764K, committed 121088K, reserved 1155072K
  class space    used 14318K, capacity 16007K, committed 16128K, reserved 1048576K
Event: 6950.449 GC heap after
Heap after GC invocations=42 (full 4):
 PSYoungGen      total 432640K, used 43511K [0x00000000e0000000, 0x0000000100000000, 0x0000000100000000)
  eden space 389120K, 0% used [0x00000000e0000000,0x00000000e0000000,0x00000000f7c00000)
  from space 43520K, 99% used [0x00000000fb600000,0x00000000fe07dce0,0x00000000fe080000)
  to   space 59392K, 0% used [0x00000000f7c00000,0x00000000f7c00000,0x00000000fb600000)
 ParOldGen       total 329728K, used 119421K [0x00000000a0000000, 0x00000000b4200000, 0x00000000e0000000)
  object space 329728K, 36% used [0x00000000a0000000,0x00000000a749f6b0,0x00000000b4200000)
 Metaspace       used 111553K, capacity 120764K, committed 121088K, reserved 1155072K
  class space    used 14318K, capacity 16007K, committed 16128K, reserved 1048576K
}
Event: 7293.759 GC heap before
{Heap before GC invocations=43 (full 4):
 PSYoungGen      total 432640K, used 432631K [0x00000000e0000000, 0x0000000100000000, 0x0000000100000000)
  eden space 389120K, 100% used [0x00000000e0000000,0x00000000f7c00000,0x00000000f7c00000)
  from space 43520K, 99% used [0x00000000fb600000,0x00000000fe07dce0,0x00000000fe080000)
  to   space 59392K, 0% used [0x00000000f7c00000,0x00000000f7c00000,0x00000000fb600000)
 ParOldGen       total 329728K, used 119421K [0x00000000a0000000, 0x00000000b4200000, 0x00000000e0000000)
  object space 329728K, 36% used [0x00000000a0000000,0x00000000a749f6b0,0x00000000b4200000)
 Metaspace       used 111932K, capacity 121226K, committed 121344K, reserved 1155072K
  class space    used 14337K, capacity 16040K, committed 16128K, reserved 1048576K
Event: 7294.018 GC heap after
Heap after GC invocations=43 (full 4):
 PSYoungGen      total 448512K, used 50104K [0x00000000e0000000, 0x0000000100000000, 0x0000000100000000)
  eden space 389120K, 0% used [0x00000000e0000000,0x00000000e0000000,0x00000000f7c00000)
  from space 59392K, 84% used [0x00000000f7c00000,0x00000000facee2d8,0x00000000fb600000)
  to   space 65536K, 0% used [0x00000000fc000000,0x00000000fc000000,0x0000000100000000)
 ParOldGen       total 329728K, used 121771K [0x00000000a0000000, 0x00000000b4200000, 0x00000000e0000000)
  object space 329728K, 36% used [0x00000000a0000000,0x00000000a76eafb0,0x00000000b4200000)
 Metaspace       used 111932K, capacity 121226K, committed 121344K, reserved 1155072K
  class space    used 14337K, capacity 16040K, committed 16128K, reserved 1048576K
}
Event: 7869.180 GC heap before
{Heap before GC invocations=44 (full 4):
 PSYoungGen      total 448512K, used 439224K [0x00000000e0000000, 0x0000000100000000, 0x0000000100000000)
  eden space 389120K, 100% used [0x00000000e0000000,0x00000000f7c00000,0x00000000f7c00000)
  from space 59392K, 84% used [0x00000000f7c00000,0x00000000facee2d8,0x00000000fb600000)
  to   space 65536K, 0% used [0x00000000fc000000,0x00000000fc000000,0x0000000100000000)
 ParOldGen       total 329728K, used 121771K [0x00000000a0000000, 0x00000000b4200000, 0x00000000e0000000)
  object space 329728K, 36% used [0x00000000a0000000,0x00000000a76eafb0,0x00000000b4200000)
 Metaspace       used 112107K, capacity 121534K, committed 121856K, reserved 1155072K
  class space    used 14344K, capacity 16048K, committed 16128K, reserved 1048576K

